============================================================
Time  2018/03/22 08:37:08 061 
============================================================
[2018/03/22 08:37:08 061] isr        1659 isr loaded!  
[2018/03/22 08:37:08 061] isr        1642 SYS_MSG_REGCB param0 =   msp_status_cb  param1 =   func(6402ccf0) 
[2018/03/22 08:37:08 061] isr        1537 ASR_MSG_SSB  
[2018/03/22 08:37:08 061] isr        1066 session_begin() [in], params:   sub = iat, domain = iat, language = zh_cn, accent = mandarin, sample_rate = 16000, result_type = plain, result_encoding = utf8  nil  
[2018/03/22 08:37:08 061] isr        927  vad_set [in]  
[2018/03/22 08:37:08 061] isr        962  vad_enable :  true  
[2018/03/22 08:37:08 061] isr        980  vad_bos :  10000  
[2018/03/22 08:37:08 061] isr        981  vad_eos :  2000  
[2018/03/22 08:37:08 061] isr        886  enable_vad [in]  
[2018/03/22 08:37:08 063] isr        918  vad enabled!  2000  10000  
[2018/03/22 08:37:08 064] isr        921  enable_vad [out]  
[2018/03/22 08:37:08 064] isr        987  vad_set [out] | ret =  0  
[2018/03/22 08:37:08 064] isr        1187 cur_engine_type =   cloud  
[2018/03/22 08:37:08 064] isr        1001 cloud_session_begin  
[2018/03/22 08:37:08 064] isr        1013 standard  
[2018/03/22 08:37:08 087] isr        1547 ASR_MSG_AUW,   cloud  
[2018/03/22 08:37:08 087] isr        1559 6400  1  
[2018/03/22 08:37:08 087] isr        1569 once_bytes:   6400  
[2018/03/22 08:37:08 091] isr        851  [aud] speech start  
[2018/03/22 08:37:08 091] isr        798  1  msc  
[2018/03/22 08:37:08 288] isr        1547 ASR_MSG_AUW,   cloud  
[2018/03/22 08:37:08 288] isr        1559 6400  2  
[2018/03/22 08:37:08 489] isr        1547 ASR_MSG_AUW,   cloud  
[2018/03/22 08:37:08 489] isr        1559 6400  2  
[2018/03/22 08:37:08 691] isr        1547 ASR_MSG_AUW,   cloud  
[2018/03/22 08:37:08 691] isr        1559 6400  2  
[2018/03/22 08:37:08 892] isr        1547 ASR_MSG_AUW,   cloud  
[2018/03/22 08:37:08 892] isr        1559 6400  2  
[2018/03/22 08:37:09 093] isr        1547 ASR_MSG_AUW,   cloud  
[2018/03/22 08:37:09 093] isr        1559 6400  2  
[2018/03/22 08:37:09 294] isr        1547 ASR_MSG_AUW,   cloud  
[2018/03/22 08:37:09 294] isr        1559 6400  2  
[2018/03/22 08:37:09 495] isr        1547 ASR_MSG_AUW,   cloud  
[2018/03/22 08:37:09 495] isr        1559 6400  2  
[2018/03/22 08:37:09 696] isr        1547 ASR_MSG_AUW,   cloud  
[2018/03/22 08:37:09 696] isr        1559 6400  2  
[2018/03/22 08:37:09 897] isr        1547 ASR_MSG_AUW,   cloud  
[2018/03/22 08:37:09 897] isr        1559 6400  2  
[2018/03/22 08:37:10 099] isr        1547 ASR_MSG_AUW,   cloud  
[2018/03/22 08:37:10 099] isr        1559 6400  2  
[2018/03/22 08:37:10 300] isr        1547 ASR_MSG_AUW,   cloud  
[2018/03/22 08:37:10 300] isr        1559 6400  2  
[2018/03/22 08:37:10 501] isr        1547 ASR_MSG_AUW,   cloud  
[2018/03/22 08:37:10 501] isr        1559 6400  2  
[2018/03/22 08:37:10 702] isr        1547 ASR_MSG_AUW,   cloud  
[2018/03/22 08:37:10 702] isr        1559 6400  2  
[2018/03/22 08:37:10 903] isr        1547 ASR_MSG_AUW,   cloud  
[2018/03/22 08:37:10 903] isr        1559 6400  2  
[2018/03/22 08:37:11 104] isr        1547 ASR_MSG_AUW,   cloud  
[2018/03/22 08:37:11 104] isr        1559 6400  2  
[2018/03/22 08:37:11 305] isr        1547 ASR_MSG_AUW,   cloud  
[2018/03/22 08:37:11 305] isr        1559 6400  2  
[2018/03/22 08:37:11 507] isr        1547 ASR_MSG_AUW,   cloud  
[2018/03/22 08:37:11 507] isr        1559 6400  2  
[2018/03/22 08:37:11 708] isr        1547 ASR_MSG_AUW,   cloud  
[2018/03/22 08:37:11 708] isr        1559 6400  2  
[2018/03/22 08:37:11 909] isr        1547 ASR_MSG_AUW,   cloud  
[2018/03/22 08:37:11 909] isr        1559 6400  2  
[2018/03/22 08:37:12 109] isr        1547 ASR_MSG_AUW,   cloud  
[2018/03/22 08:37:12 109] isr        1559 6400  2  
[2018/03/22 08:37:12 310] isr        1547 ASR_MSG_AUW,   cloud  
[2018/03/22 08:37:12 310] isr        1559 6400  2  
[2018/03/22 08:37:12 511] isr        1547 ASR_MSG_AUW,   cloud  
[2018/03/22 08:37:12 511] isr        1559 7420  2  
[2018/03/22 08:37:12 712] isr        1547 ASR_MSG_AUW,   cloud  
[2018/03/22 08:37:12 712] isr        1559 0  4  
[2018/03/22 08:37:12 712] isr        1592 aud end, USER  
[2018/03/22 08:37:12 712] isr        1636 ASR_MSG_GRSLT,   cloud  
[2018/03/22 08:37:12 712] isr        1335 0  nil  2  
[2018/03/22 08:37:12 713] isr        854  [aud] speech end  
[2018/03/22 08:37:12 714] isr        798  3  msc  
[2018/03/22 08:37:12 714] isr        707  cloud_status_cb, start local.  
[2018/03/22 08:37:12 863] isr        1636 ASR_MSG_GRSLT,   cloud  
[2018/03/22 08:37:12 863] isr        1335 0  nil  2  
[2018/03/22 08:37:13 014] isr        1636 ASR_MSG_GRSLT,   cloud  
[2018/03/22 08:37:13 014] isr        1335 0  nil  2  
[2018/03/22 08:37:13 166] isr        1636 ASR_MSG_GRSLT,   cloud  
[2018/03/22 08:37:13 166] isr        1335 0  nil  2  
[2018/03/22 08:37:13 317] isr        1636 ASR_MSG_GRSLT,   cloud  
[2018/03/22 08:37:13 317] isr        1335 0  nil  2  
[2018/03/22 08:37:13 468] isr        1636 ASR_MSG_GRSLT,   cloud  
[2018/03/22 08:37:13 468] isr        1335 0  nil  2  
[2018/03/22 08:37:13 619] isr        1636 ASR_MSG_GRSLT,   cloud  
[2018/03/22 08:37:13 619] isr        1335 0  nil  2  
[2018/03/22 08:37:13 770] isr        1636 ASR_MSG_GRSLT,   cloud  
[2018/03/22 08:37:13 770] isr        1335 0  nil  2  
[2018/03/22 08:37:13 921] isr        1636 ASR_MSG_GRSLT,   cloud  
[2018/03/22 08:37:13 921] isr        1335 0  nil  2  
[2018/03/22 08:37:14 071] isr        1636 ASR_MSG_GRSLT,   cloud  
[2018/03/22 08:37:14 072] isr        1335 0  nil  2  
[2018/03/22 08:37:14 222] isr        1636 ASR_MSG_GRSLT,   cloud  
[2018/03/22 08:37:14 222] isr        1335 0  nil  2  
[2018/03/22 08:37:14 373] isr        1636 ASR_MSG_GRSLT,   cloud  
[2018/03/22 08:37:14 374] isr        1335 0  nil  2  
[2018/03/22 08:37:14 525] isr        1636 ASR_MSG_GRSLT,   cloud  
[2018/03/22 08:37:14 525] isr        1335 0  nil  2  
[2018/03/22 08:37:14 676] isr        1636 ASR_MSG_GRSLT,   cloud  
[2018/03/22 08:37:14 676] isr        1335 0  nil  2  
[2018/03/22 08:37:14 827] isr        1636 ASR_MSG_GRSLT,   cloud  
[2018/03/22 08:37:14 827] isr        1335 0  nil  2  
[2018/03/22 08:37:14 978] isr        1636 ASR_MSG_GRSLT,   cloud  
[2018/03/22 08:37:14 978] isr        1335 0  nil  2  
[2018/03/22 08:37:15 129] isr        1636 ASR_MSG_GRSLT,   cloud  
[2018/03/22 08:37:15 129] isr        1335 0  nil  2  
[2018/03/22 08:37:15 280] isr        1636 ASR_MSG_GRSLT,   cloud  
[2018/03/22 08:37:15 280] isr        1335 0  nil  2  
[2018/03/22 08:37:15 431] isr        1636 ASR_MSG_GRSLT,   cloud  
[2018/03/22 08:37:15 431] isr        1335 0  nil  2  
[2018/03/22 08:37:15 582] isr        1636 ASR_MSG_GRSLT,   cloud  
[2018/03/22 08:37:15 582] isr        1335 0  nil  2  
[2018/03/22 08:37:15 733] isr        1636 ASR_MSG_GRSLT,   cloud  
[2018/03/22 08:37:15 733] isr        1335 0  nil  2  
[2018/03/22 08:37:15 884] isr        1636 ASR_MSG_GRSLT,   cloud  
[2018/03/22 08:37:15 885] isr        1335 0  nil  2  
[2018/03/22 08:37:16 036] isr        1636 ASR_MSG_GRSLT,   cloud  
[2018/03/22 08:37:16 036] isr        1335 0  nil  2  
[2018/03/22 08:37:16 187] isr        1636 ASR_MSG_GRSLT,   cloud  
[2018/03/22 08:37:16 187] isr        1335 0  nil  2  
[2018/03/22 08:37:16 338] isr        1636 ASR_MSG_GRSLT,   cloud  
[2018/03/22 08:37:16 338] isr        1335 0  nil  2  
[2018/03/22 08:37:16 489] isr        1636 ASR_MSG_GRSLT,   cloud  
[2018/03/22 08:37:16 489] isr        1335 0  nil  2  
[2018/03/22 08:37:16 640] isr        1636 ASR_MSG_GRSLT,   cloud  
[2018/03/22 08:37:16 640] isr        1335 0  nil  2  
[2018/03/22 08:37:16 791] isr        1636 ASR_MSG_GRSLT,   cloud  
[2018/03/22 08:37:16 791] isr        1335 0  nil  2  
[2018/03/22 08:37:16 943] isr        1636 ASR_MSG_GRSLT,   cloud  
[2018/03/22 08:37:16 943] isr        1335 0  nil  2  
[2018/03/22 08:37:17 094] isr        1636 ASR_MSG_GRSLT,   cloud  
[2018/03/22 08:37:17 147] isr        1335 0  nil  2  
[2018/03/22 08:37:17 299] isr        1636 ASR_MSG_GRSLT,   cloud  
[2018/03/22 08:37:17 299] isr        1335 0  nil  2  
[2018/03/22 08:37:17 450] isr        1636 ASR_MSG_GRSLT,   cloud  
[2018/03/22 08:37:17 450] isr        1335 0  nil  2  
[2018/03/22 08:37:17 601] isr        1636 ASR_MSG_GRSLT,   cloud  
[2018/03/22 08:37:17 601] isr        1335 0  nil  2  
[2018/03/22 08:37:17 752] isr        1636 ASR_MSG_GRSLT,   cloud  
[2018/03/22 08:37:17 752] isr        1335 0  nil  2  
[2018/03/22 08:37:17 903] isr        1636 ASR_MSG_GRSLT,   cloud  
[2018/03/22 08:37:17 903] isr        1335 0  nil  2  
[2018/03/22 08:37:18 054] isr        1636 ASR_MSG_GRSLT,   cloud  
[2018/03/22 08:37:18 054] isr        1335 0  nil  2  
[2018/03/22 08:37:18 205] isr        1636 ASR_MSG_GRSLT,   cloud  
[2018/03/22 08:37:18 205] isr        1335 0  nil  2  
[2018/03/22 08:37:18 357] isr        1636 ASR_MSG_GRSLT,   cloud  
[2018/03/22 08:37:18 357] isr        1335 0  nil  2  
[2018/03/22 08:37:18 507] isr        1636 ASR_MSG_GRSLT,   cloud  
[2018/03/22 08:37:18 507] isr        1335 0  nil  2  
[2018/03/22 08:37:18 658] isr        1636 ASR_MSG_GRSLT,   cloud  
[2018/03/22 08:37:18 659] isr        1335 0  nil  2  
[2018/03/22 08:37:18 810] isr        1636 ASR_MSG_GRSLT,   cloud  
[2018/03/22 08:37:18 810] isr        1335 0  nil  2  
[2018/03/22 08:37:18 961] isr        1636 ASR_MSG_GRSLT,   cloud  
[2018/03/22 08:37:18 961] isr        1335 0  nil  2  
[2018/03/22 08:37:19 112] isr        1636 ASR_MSG_GRSLT,   cloud  
[2018/03/22 08:37:19 112] isr        1335 0  nil  2  
[2018/03/22 08:37:19 263] isr        1636 ASR_MSG_GRSLT,   cloud  
[2018/03/22 08:37:19 264] isr        1335 0  nil  2  
[2018/03/22 08:37:19 415] isr        1636 ASR_MSG_GRSLT,   cloud  
[2018/03/22 08:37:19 415] isr        1335 0  nil  2  
[2018/03/22 08:37:19 566] isr        1636 ASR_MSG_GRSLT,   cloud  
[2018/03/22 08:37:19 566] isr        1335 0  nil  2  
[2018/03/22 08:37:19 717] isr        1636 ASR_MSG_GRSLT,   cloud  
[2018/03/22 08:37:19 717] isr        1335 0  nil  2  
[2018/03/22 08:37:19 868] isr        1636 ASR_MSG_GRSLT,   cloud  
[2018/03/22 08:37:19 868] isr        1335 0  nil  2  
[2018/03/22 08:37:20 019] isr        1636 ASR_MSG_GRSLT,   cloud  
[2018/03/22 08:37:20 019] isr        1335 0  nil  2  
[2018/03/22 08:37:20 171] isr        1636 ASR_MSG_GRSLT,   cloud  
[2018/03/22 08:37:20 171] isr        1335 0  nil  2  
[2018/03/22 08:37:20 322] isr        1636 ASR_MSG_GRSLT,   cloud  
[2018/03/22 08:37:20 322] isr        1335 0  nil  2  
[2018/03/22 08:37:20 473] isr        1636 ASR_MSG_GRSLT,   cloud  
[2018/03/22 08:37:20 473] isr        1335 0  nil  2  
[2018/03/22 08:37:20 624] isr        1636 ASR_MSG_GRSLT,   cloud  
[2018/03/22 08:37:20 624] isr        1335 0  nil  2  
[2018/03/22 08:37:20 775] isr        1636 ASR_MSG_GRSLT,   cloud  
[2018/03/22 08:37:20 775] isr        1335 0  nil  2  
[2018/03/22 08:37:20 926] isr        1636 ASR_MSG_GRSLT,   cloud  
[2018/03/22 08:37:20 926] isr        1335 0  nil  2  
[2018/03/22 08:37:21 077] isr        1636 ASR_MSG_GRSLT,   cloud  
[2018/03/22 08:37:21 077] isr        1335 0  nil  2  
[2018/03/22 08:37:21 228] isr        1636 ASR_MSG_GRSLT,   cloud  
[2018/03/22 08:37:21 228] isr        1335 0  nil  2  
[2018/03/22 08:37:21 380] isr        1636 ASR_MSG_GRSLT,   cloud  
[2018/03/22 08:37:21 380] isr        1335 0  nil  2  
[2018/03/22 08:37:21 532] isr        1636 ASR_MSG_GRSLT,   cloud  
[2018/03/22 08:37:21 532] isr        1335 0  nil  2  
[2018/03/22 08:37:21 683] isr        1636 ASR_MSG_GRSLT,   cloud  
[2018/03/22 08:37:21 683] isr        1335 0  nil  2  
[2018/03/22 08:37:21 834] isr        1636 ASR_MSG_GRSLT,   cloud  
[2018/03/22 08:37:21 834] isr        1335 0  nil  2  
[2018/03/22 08:37:21 985] isr        1636 ASR_MSG_GRSLT,   cloud  
[2018/03/22 08:37:21 985] isr        1335 0  nil  2  
[2018/03/22 08:37:22 136] isr        1636 ASR_MSG_GRSLT,   cloud  
[2018/03/22 08:37:22 136] isr        1335 0  nil  2  
[2018/03/22 08:37:22 287] isr        1636 ASR_MSG_GRSLT,   cloud  
[2018/03/22 08:37:22 287] isr        1335 0  nil  2  
[2018/03/22 08:37:22 438] isr        1636 ASR_MSG_GRSLT,   cloud  
[2018/03/22 08:37:22 438] isr        1335 0  nil  2  
[2018/03/22 08:37:22 590] isr        1636 ASR_MSG_GRSLT,   cloud  
[2018/03/22 08:37:22 590] isr        1335 0  nil  2  
[2018/03/22 08:37:22 740] isr        1636 ASR_MSG_GRSLT,   cloud  
[2018/03/22 08:37:22 741] isr        1335 0  nil  2  
[2018/03/22 08:37:22 892] isr        1636 ASR_MSG_GRSLT,   cloud  
[2018/03/22 08:37:22 892] isr        1335 0  nil  2  
[2018/03/22 08:37:23 043] isr        1636 ASR_MSG_GRSLT,   cloud  
[2018/03/22 08:37:23 043] isr        1335 0  nil  2  
[2018/03/22 08:37:23 194] isr        1636 ASR_MSG_GRSLT,   cloud  
[2018/03/22 08:37:23 194] isr        1335 0  nil  2  
[2018/03/22 08:37:23 345] isr        1636 ASR_MSG_GRSLT,   cloud  
[2018/03/22 08:37:23 345] isr        1335 0  nil  2  
[2018/03/22 08:37:23 496] isr        1636 ASR_MSG_GRSLT,   cloud  
[2018/03/22 08:37:23 496] isr        1335 0  nil  2  
[2018/03/22 08:37:23 647] isr        1636 ASR_MSG_GRSLT,   cloud  
[2018/03/22 08:37:23 647] isr        1335 0  nil  2  
[2018/03/22 08:37:23 798] isr        1636 ASR_MSG_GRSLT,   cloud  
[2018/03/22 08:37:23 798] isr        1335 0  nil  2  
[2018/03/22 08:37:23 949] isr        1636 ASR_MSG_GRSLT,   cloud  
[2018/03/22 08:37:23 949] isr        1335 0  nil  2  
[2018/03/22 08:37:24 100] isr        1636 ASR_MSG_GRSLT,   cloud  
[2018/03/22 08:37:24 101] isr        1335 0  nil  2  
[2018/03/22 08:37:24 252] isr        1636 ASR_MSG_GRSLT,   cloud  
[2018/03/22 08:37:24 252] isr        1335 0  nil  2  
[2018/03/22 08:37:24 403] isr        1636 ASR_MSG_GRSLT,   cloud  
[2018/03/22 08:37:24 403] isr        1335 0  nil  2  
[2018/03/22 08:37:24 557] isr        1636 ASR_MSG_GRSLT,   cloud  
[2018/03/22 08:37:24 558] isr        1335 0  nil  2  
[2018/03/22 08:37:24 709] isr        1636 ASR_MSG_GRSLT,   cloud  
[2018/03/22 08:37:24 709] isr        1335 0  nil  2  
[2018/03/22 08:37:24 860] isr        1636 ASR_MSG_GRSLT,   cloud  
[2018/03/22 08:37:24 860] isr        1335 0  nil  2  
[2018/03/22 08:37:25 011] isr        1636 ASR_MSG_GRSLT,   cloud  
[2018/03/22 08:37:25 011] isr        1335 0  nil  2  
[2018/03/22 08:37:25 162] isr        1636 ASR_MSG_GRSLT,   cloud  
[2018/03/22 08:37:25 162] isr        1335 0  nil  2  
[2018/03/22 08:37:25 313] isr        1636 ASR_MSG_GRSLT,   cloud  
[2018/03/22 08:37:25 313] isr        1335 0  nil  2  
[2018/03/22 08:37:25 464] isr        1636 ASR_MSG_GRSLT,   cloud  
[2018/03/22 08:37:25 464] isr        1335 0  nil  2  
[2018/03/22 08:37:25 615] isr        1636 ASR_MSG_GRSLT,   cloud  
[2018/03/22 08:37:25 615] isr        1335 0  nil  2  
[2018/03/22 08:37:25 766] isr        1636 ASR_MSG_GRSLT,   cloud  
[2018/03/22 08:37:25 766] isr        1335 0  nil  2  
[2018/03/22 08:37:25 917] isr        1636 ASR_MSG_GRSLT,   cloud  
[2018/03/22 08:37:25 917] isr        1335 0  nil  2  
[2018/03/22 08:37:26 068] isr        1636 ASR_MSG_GRSLT,   cloud  
[2018/03/22 08:37:26 068] isr        1335 0  nil  2  
[2018/03/22 08:37:26 219] isr        1636 ASR_MSG_GRSLT,   cloud  
[2018/03/22 08:37:26 219] isr        1335 0  nil  2  
[2018/03/22 08:37:26 370] isr        1636 ASR_MSG_GRSLT,   cloud  
[2018/03/22 08:37:26 370] isr        1335 0  nil  2  
[2018/03/22 08:37:26 521] isr        1636 ASR_MSG_GRSLT,   cloud  
[2018/03/22 08:37:26 521] isr        1335 0  nil  2  
[2018/03/22 08:37:26 672] isr        1636 ASR_MSG_GRSLT,   cloud  
[2018/03/22 08:37:26 672] isr        1335 0  nil  2  
[2018/03/22 08:37:26 823] isr        1636 ASR_MSG_GRSLT,   cloud  
[2018/03/22 08:37:26 823] isr        1335 0  nil  2  
[2018/03/22 08:37:26 974] isr        1636 ASR_MSG_GRSLT,   cloud  
[2018/03/22 08:37:26 974] isr        1335 0  nil  2  
[2018/03/22 08:37:27 126] isr        1636 ASR_MSG_GRSLT,   cloud  
[2018/03/22 08:37:27 126] isr        1335 0  nil  2  
[2018/03/22 08:37:27 315] isr        1636 ASR_MSG_GRSLT,   cloud  
[2018/03/22 08:37:27 315] isr        1335 0  nil  2  
[2018/03/22 08:37:27 466] isr        1636 ASR_MSG_GRSLT,   cloud  
[2018/03/22 08:37:27 466] isr        1335 0  nil  2  
[2018/03/22 08:37:27 617] isr        1636 ASR_MSG_GRSLT,   cloud  
[2018/03/22 08:37:27 617] isr        1335 0  nil  2  
[2018/03/22 08:37:27 713] isr        1746 !!! timeout without result  
[2018/03/22 08:37:27 768] isr        1636 ASR_MSG_GRSLT,   cloud  
[2018/03/22 08:37:27 768] isr        1335 0  nil  2  
[2018/03/22 08:37:27 919] isr        1636 ASR_MSG_GRSLT,   cloud  
[2018/03/22 08:37:27 919] isr        1335 0  nil  2  
[2018/03/22 08:37:28 070] isr        1636 ASR_MSG_GRSLT,   cloud  
[2018/03/22 08:37:28 071] isr        1335 0  nil  2  
[2018/03/22 08:37:28 221] isr        1636 ASR_MSG_GRSLT,   cloud  
[2018/03/22 08:37:28 221] isr        1335 0  nil  2  
[2018/03/22 08:37:28 374] isr        1636 ASR_MSG_GRSLT,   cloud  
[2018/03/22 08:37:28 374] isr        1335 0  nil  2  
[2018/03/22 08:37:28 524] isr        1636 ASR_MSG_GRSLT,   cloud  
[2018/03/22 08:37:28 525] isr        1335 0  nil  2  
[2018/03/22 08:37:28 676] isr        1636 ASR_MSG_GRSLT,   cloud  
[2018/03/22 08:37:28 676] isr        1335 0  nil  2  
[2018/03/22 08:37:28 827] isr        1636 ASR_MSG_GRSLT,   cloud  
[2018/03/22 08:37:28 827] isr        1335 0  nil  2  
[2018/03/22 08:37:28 978] isr        1636 ASR_MSG_GRSLT,   cloud  
[2018/03/22 08:37:28 978] isr        1335 0  nil  2  
[2018/03/22 08:37:29 129] isr        1636 ASR_MSG_GRSLT,   cloud  
[2018/03/22 08:37:29 129] isr        1335 0  nil  2  
[2018/03/22 08:37:29 280] isr        1636 ASR_MSG_GRSLT,   cloud  
[2018/03/22 08:37:29 280] isr        1335 0  nil  2  
[2018/03/22 08:37:29 431] isr        1636 ASR_MSG_GRSLT,   cloud  
[2018/03/22 08:37:29 431] isr        1335 0  nil  2  
[2018/03/22 08:37:29 582] isr        1636 ASR_MSG_GRSLT,   cloud  
[2018/03/22 08:37:29 582] isr        1335 0  nil  2  
[2018/03/22 08:37:29 733] isr        1636 ASR_MSG_GRSLT,   cloud  
[2018/03/22 08:37:29 733] isr        1335 0  nil  2  
[2018/03/22 08:37:29 884] isr        1636 ASR_MSG_GRSLT,   cloud  
[2018/03/22 08:37:29 885] isr        1335 0  nil  2  
[2018/03/22 08:37:30 036] isr        1636 ASR_MSG_GRSLT,   cloud  
[2018/03/22 08:37:30 036] isr        1335 0  nil  2  
[2018/03/22 08:37:30 187] isr        1636 ASR_MSG_GRSLT,   cloud  
[2018/03/22 08:37:30 187] isr        1335 0  nil  2  
[2018/03/22 08:37:30 338] isr        1636 ASR_MSG_GRSLT,   cloud  
[2018/03/22 08:37:30 338] isr        1335 0  nil  2  
[2018/03/22 08:37:30 489] isr        1636 ASR_MSG_GRSLT,   cloud  
[2018/03/22 08:37:30 489] isr        1335 0  nil  2  
[2018/03/22 08:37:30 640] isr        1636 ASR_MSG_GRSLT,   cloud  
[2018/03/22 08:37:30 640] isr        1335 0  nil  2  
[2018/03/22 08:37:30 791] isr        1636 ASR_MSG_GRSLT,   cloud  
[2018/03/22 08:37:30 791] isr        1335 0  nil  2  
[2018/03/22 08:37:30 942] isr        1636 ASR_MSG_GRSLT,   cloud  
[2018/03/22 08:37:30 942] isr        1335 0  nil  2  
[2018/03/22 08:37:31 093] isr        1636 ASR_MSG_GRSLT,   cloud  
[2018/03/22 08:37:31 093] isr        1335 0  nil  2  
[2018/03/22 08:37:31 244] isr        1636 ASR_MSG_GRSLT,   cloud  
[2018/03/22 08:37:31 244] isr        1335 0  nil  2  
[2018/03/22 08:37:31 396] isr        1636 ASR_MSG_GRSLT,   cloud  
[2018/03/22 08:37:31 396] isr        1335 0  nil  2  
[2018/03/22 08:37:31 547] isr        1636 ASR_MSG_GRSLT,   cloud  
[2018/03/22 08:37:31 547] isr        1335 0  nil  2  
[2018/03/22 08:37:31 698] isr        1636 ASR_MSG_GRSLT,   cloud  
[2018/03/22 08:37:31 698] isr        1335 0  nil  2  
[2018/03/22 08:37:31 849] isr        1636 ASR_MSG_GRSLT,   cloud  
[2018/03/22 08:37:31 849] isr        1335 0  nil  2  
[2018/03/22 08:37:32 000] isr        1636 ASR_MSG_GRSLT,   cloud  
[2018/03/22 08:37:32 000] isr        1335 0  nil  2  
[2018/03/22 08:37:32 151] isr        1636 ASR_MSG_GRSLT,   cloud  
[2018/03/22 08:37:32 151] isr        1335 0  nil  2  
[2018/03/22 08:37:32 302] isr        1636 ASR_MSG_GRSLT,   cloud  
[2018/03/22 08:37:32 302] isr        1335 0  nil  2  
[2018/03/22 08:37:32 453] isr        1636 ASR_MSG_GRSLT,   cloud  
[2018/03/22 08:37:32 453] isr        1335 0  nil  2  
[2018/03/22 08:37:32 604] isr        1636 ASR_MSG_GRSLT,   cloud  
[2018/03/22 08:37:32 604] isr        1335 0  nil  2  
[2018/03/22 08:37:32 756] isr        1636 ASR_MSG_GRSLT,   cloud  
[2018/03/22 08:37:32 756] isr        1335 0  nil  2  
[2018/03/22 08:37:32 907] isr        1636 ASR_MSG_GRSLT,   cloud  
[2018/03/22 08:37:32 907] isr        1335 0  nil  2  
[2018/03/22 08:37:33 058] isr        1636 ASR_MSG_GRSLT,   cloud  
[2018/03/22 08:37:33 058] isr        1335 0  nil  2  
[2018/03/22 08:37:33 209] isr        1636 ASR_MSG_GRSLT,   cloud  
[2018/03/22 08:37:33 209] isr        1335 0  nil  2  
[2018/03/22 08:37:33 360] isr        1636 ASR_MSG_GRSLT,   cloud  
[2018/03/22 08:37:33 360] isr        1335 0  nil  2  
[2018/03/22 08:37:33 511] isr        1636 ASR_MSG_GRSLT,   cloud  
[2018/03/22 08:37:33 511] isr        1335 0  nil  2  
[2018/03/22 08:37:33 662] isr        1636 ASR_MSG_GRSLT,   cloud  
[2018/03/22 08:37:33 662] isr        1335 0  nil  2  
[2018/03/22 08:37:33 813] isr        1636 ASR_MSG_GRSLT,   cloud  
[2018/03/22 08:37:33 813] isr        1335 0  nil  2  
[2018/03/22 08:37:33 964] isr        1636 ASR_MSG_GRSLT,   cloud  
[2018/03/22 08:37:33 964] isr        1335 0  nil  2  
[2018/03/22 08:37:34 116] isr        1636 ASR_MSG_GRSLT,   cloud  
[2018/03/22 08:37:34 116] isr        1335 0  nil  2  
[2018/03/22 08:37:34 267] isr        1636 ASR_MSG_GRSLT,   cloud  
[2018/03/22 08:37:34 267] isr        1335 0  nil  2  
[2018/03/22 08:37:34 418] isr        1636 ASR_MSG_GRSLT,   cloud  
[2018/03/22 08:37:34 418] isr        1335 0  nil  2  
[2018/03/22 08:37:34 569] isr        1636 ASR_MSG_GRSLT,   cloud  
[2018/03/22 08:37:34 569] isr        1335 0  nil  2  
[2018/03/22 08:37:34 720] isr        1636 ASR_MSG_GRSLT,   cloud  
[2018/03/22 08:37:34 720] isr        1335 0  nil  2  
[2018/03/22 08:37:34 871] isr        1636 ASR_MSG_GRSLT,   cloud  
[2018/03/22 08:37:34 871] isr        1335 0  nil  2  
[2018/03/22 08:37:35 022] isr        1636 ASR_MSG_GRSLT,   cloud  
[2018/03/22 08:37:35 022] isr        1335 0  nil  2  
[2018/03/22 08:37:35 173] isr        1636 ASR_MSG_GRSLT,   cloud  
[2018/03/22 08:37:35 173] isr        1335 0  nil  2  
[2018/03/22 08:37:35 324] isr        1636 ASR_MSG_GRSLT,   cloud  
[2018/03/22 08:37:35 324] isr        1335 0  nil  2  
[2018/03/22 08:37:35 476] isr        1636 ASR_MSG_GRSLT,   cloud  
[2018/03/22 08:37:35 476] isr        1335 0  nil  2  
[2018/03/22 08:37:35 627] isr        1636 ASR_MSG_GRSLT,   cloud  
[2018/03/22 08:37:35 627] isr        1335 0  nil  2  
[2018/03/22 08:37:35 778] isr        1636 ASR_MSG_GRSLT,   cloud  
[2018/03/22 08:37:35 778] isr        1335 0  nil  2  
[2018/03/22 08:37:35 943] isr        1636 ASR_MSG_GRSLT,   cloud  
[2018/03/22 08:37:35 943] isr        1335 0  nil  2  
[2018/03/22 08:37:36 094] isr        1636 ASR_MSG_GRSLT,   cloud  
[2018/03/22 08:37:36 094] isr        1335 0  nil  2  
[2018/03/22 08:37:36 249] isr        1636 ASR_MSG_GRSLT,   cloud  
[2018/03/22 08:37:36 249] isr        1335 0  nil  2  
[2018/03/22 08:37:36 401] isr        1636 ASR_MSG_GRSLT,   cloud  
[2018/03/22 08:37:36 401] isr        1335 0  nil  2  
[2018/03/22 08:37:36 552] isr        1636 ASR_MSG_GRSLT,   cloud  
[2018/03/22 08:37:36 552] isr        1335 0  nil  2  
[2018/03/22 08:37:36 703] isr        1636 ASR_MSG_GRSLT,   cloud  
[2018/03/22 08:37:36 703] isr        1335 0  nil  2  
[2018/03/22 08:37:36 855] isr        1636 ASR_MSG_GRSLT,   cloud  
[2018/03/22 08:37:36 855] isr        1335 0  nil  2  
[2018/03/22 08:37:37 007] isr        1636 ASR_MSG_GRSLT,   cloud  
[2018/03/22 08:37:37 007] isr        1335 0  nil  2  
[2018/03/22 08:37:37 162] isr        1636 ASR_MSG_GRSLT,   cloud  
[2018/03/22 08:37:37 162] isr        1335 0  nil  2  
[2018/03/22 08:37:37 313] isr        1636 ASR_MSG_GRSLT,   cloud  
[2018/03/22 08:37:37 313] isr        1335 0  nil  2  
[2018/03/22 08:37:37 464] isr        1636 ASR_MSG_GRSLT,   cloud  
[2018/03/22 08:37:37 464] isr        1335 0  nil  2  
[2018/03/22 08:37:37 615] isr        1636 ASR_MSG_GRSLT,   cloud  
[2018/03/22 08:37:37 615] isr        1335 0  nil  2  
[2018/03/22 08:37:37 714] isr        1764 !!! isr session timeout  
[2018/03/22 08:37:37 715] isr        691  cloud_err_cb errorcode =   10114  detail =   MSC:session timeout!  
[2018/03/22 08:37:37 717] isr        691  cloud_err_cb errorcode =   10114  detail =   MSC:session timeout!  
[2018/03/22 08:37:37 766] isr        1636 ASR_MSG_GRSLT,   cloud  
[2018/03/22 08:37:37 766] isr        1335 10114  nil  2  
[2018/03/22 08:37:37 767] isr        1639 ASR_MSG_SSE,   cloud  
[2018/03/22 08:37:37 767] isr        1356 session_end() [in]  
[2018/03/22 08:37:37 767] isr        1421 cloud_session_end() [in]  
[2018/03/22 08:37:37 772] isr        1488 ns_host=  open.xf-yun.com  
[2018/03/22 08:37:37 815] isr        1514 cloud_session_end() [out]  
[2018/03/22 08:37:37 819] isr        1667 isr unload!  
============================================================
Time  2018/03/22 08:40:43 313 
============================================================
[2018/03/22 08:40:43 313] isr        1659 isr loaded!  
[2018/03/22 08:40:43 313] isr        1642 SYS_MSG_REGCB param0 =   msp_status_cb  param1 =   func(c802cca0) 
[2018/03/22 08:40:43 313] isr        1537 ASR_MSG_SSB  
[2018/03/22 08:40:43 314] isr        1066 session_begin() [in], params:   sub = iat, domain = iat, language = zh_cn, accent = mandarin, sample_rate = 16000, result_type = plain, result_encoding = utf8  nil  
[2018/03/22 08:40:43 314] isr        927  vad_set [in]  
[2018/03/22 08:40:43 314] isr        962  vad_enable :  true  
[2018/03/22 08:40:43 314] isr        980  vad_bos :  10000  
[2018/03/22 08:40:43 314] isr        981  vad_eos :  2000  
[2018/03/22 08:40:43 314] isr        886  enable_vad [in]  
[2018/03/22 08:40:43 314] isr        918  vad enabled!  2000  10000  
[2018/03/22 08:40:43 314] isr        921  enable_vad [out]  
[2018/03/22 08:40:43 314] isr        987  vad_set [out] | ret =  0  
[2018/03/22 08:40:43 314] isr        1187 cur_engine_type =   cloud  
[2018/03/22 08:40:43 315] isr        1001 cloud_session_begin  
[2018/03/22 08:40:43 315] isr        1013 standard  
[2018/03/22 08:40:43 321] isr        1547 ASR_MSG_AUW,   cloud  
[2018/03/22 08:40:43 321] isr        1559 6400  1  
[2018/03/22 08:40:43 321] isr        1569 once_bytes:   6400  
[2018/03/22 08:40:43 324] isr        851  [aud] speech start  
[2018/03/22 08:40:43 324] isr        798  1  msc  
[2018/03/22 08:40:43 523] isr        1547 ASR_MSG_AUW,   cloud  
[2018/03/22 08:40:43 523] isr        1559 6400  2  
[2018/03/22 08:40:43 707] isr        700  cloud_status_cb, eps:  1  
[2018/03/22 08:40:43 707] isr        798  1  cloud  
[2018/03/22 08:40:43 707] isr        813  cloud eps ignored  
[2018/03/22 08:40:43 724] isr        1547 ASR_MSG_AUW,   cloud  
[2018/03/22 08:40:43 724] isr        1559 6400  2  
[2018/03/22 08:40:43 925] isr        1547 ASR_MSG_AUW,   cloud  
[2018/03/22 08:40:43 925] isr        1559 6400  2  
[2018/03/22 08:40:44 126] isr        1547 ASR_MSG_AUW,   cloud  
[2018/03/22 08:40:44 126] isr        1559 6400  2  
[2018/03/22 08:40:44 327] isr        1547 ASR_MSG_AUW,   cloud  
[2018/03/22 08:40:44 327] isr        1559 6400  2  
[2018/03/22 08:40:44 528] isr        1547 ASR_MSG_AUW,   cloud  
[2018/03/22 08:40:44 528] isr        1559 6400  2  
[2018/03/22 08:40:44 728] isr        1547 ASR_MSG_AUW,   cloud  
[2018/03/22 08:40:44 728] isr        1559 6400  2  
[2018/03/22 08:40:44 930] isr        1547 ASR_MSG_AUW,   cloud  
[2018/03/22 08:40:44 930] isr        1559 6400  2  
[2018/03/22 08:40:45 131] isr        1547 ASR_MSG_AUW,   cloud  
[2018/03/22 08:40:45 131] isr        1559 6400  2  
[2018/03/22 08:40:45 332] isr        1547 ASR_MSG_AUW,   cloud  
[2018/03/22 08:40:45 332] isr        1559 6400  2  
[2018/03/22 08:40:45 533] isr        1547 ASR_MSG_AUW,   cloud  
[2018/03/22 08:40:45 533] isr        1559 6400  2  
[2018/03/22 08:40:45 734] isr        1547 ASR_MSG_AUW,   cloud  
[2018/03/22 08:40:45 734] isr        1559 6400  2  
[2018/03/22 08:40:45 935] isr        1547 ASR_MSG_AUW,   cloud  
[2018/03/22 08:40:45 935] isr        1559 6400  2  
[2018/03/22 08:40:46 136] isr        1547 ASR_MSG_AUW,   cloud  
[2018/03/22 08:40:46 136] isr        1559 6400  2  
[2018/03/22 08:40:46 338] isr        1547 ASR_MSG_AUW,   cloud  
[2018/03/22 08:40:46 338] isr        1559 6400  2  
[2018/03/22 08:40:46 543] isr        1547 ASR_MSG_AUW,   cloud  
[2018/03/22 08:40:46 543] isr        1559 6400  2  
[2018/03/22 08:40:46 744] isr        1547 ASR_MSG_AUW,   cloud  
[2018/03/22 08:40:46 744] isr        1559 6400  2  
[2018/03/22 08:40:46 949] isr        1547 ASR_MSG_AUW,   cloud  
[2018/03/22 08:40:46 949] isr        1559 6400  2  
[2018/03/22 08:40:47 150] isr        1547 ASR_MSG_AUW,   cloud  
[2018/03/22 08:40:47 150] isr        1559 6400  2  
[2018/03/22 08:40:47 351] isr        1547 ASR_MSG_AUW,   cloud  
[2018/03/22 08:40:47 351] isr        1559 6400  2  
[2018/03/22 08:40:47 553] isr        1547 ASR_MSG_AUW,   cloud  
[2018/03/22 08:40:47 553] isr        1559 6400  2  
[2018/03/22 08:40:47 662] isr        662  cloud_rslt_cb status =   0  
[2018/03/22 08:40:47 662] isr        641  process_result call:  cloud  udata(c8034928) 0  nil  
[2018/03/22 08:40:47 754] isr        1547 ASR_MSG_AUW,   cloud  
[2018/03/22 08:40:47 754] isr        1559 7420  2  
[2018/03/22 08:40:47 956] isr        1547 ASR_MSG_AUW,   cloud  
[2018/03/22 08:40:47 956] isr        1559 0  4  
[2018/03/22 08:40:47 956] isr        1592 aud end, USER  
[2018/03/22 08:40:47 956] isr        854  [aud] speech end  
[2018/03/22 08:40:47 957] isr        798  3  msc  
[2018/03/22 08:40:47 957] isr        1636 ASR_MSG_GRSLT,   cloud  
[2018/03/22 08:40:47 957] isr        1335 0  udata(c8034928) 0  
[2018/03/22 08:40:48 108] isr        1636 ASR_MSG_GRSLT,   cloud  
[2018/03/22 08:40:48 108] isr        1335 0  nil  2  
[2018/03/22 08:40:48 121] isr        700  cloud_status_cb, eps:  3  
[2018/03/22 08:40:48 121] isr        798  3  cloud  
[2018/03/22 08:40:48 121] isr        800  already speech end  
[2018/03/22 08:40:48 123] isr        662  cloud_rslt_cb status =   5  
[2018/03/22 08:40:48 124] isr        641  process_result call:  cloud  udata(c8037418) 5  nil  
[2018/03/22 08:40:48 124] isr        798  3  msc  
[2018/03/22 08:40:48 124] isr        800  already speech end  
[2018/03/22 08:40:48 259] isr        1636 ASR_MSG_GRSLT,   cloud  
[2018/03/22 08:40:48 259] isr        1335 0  udata(c8037418) 5  
[2018/03/22 08:40:48 410] isr        1639 ASR_MSG_SSE,   cloud  
[2018/03/22 08:40:48 410] isr        1356 session_end() [in]  
[2018/03/22 08:40:48 410] isr        1421 cloud_session_end() [in]  
[2018/03/22 08:40:48 412] isr        1488 ns_host=  open.xf-yun.com  
[2018/03/22 08:40:48 412] isr        1498 tick()mod=  41314387  
[2018/03/22 08:40:48 412] isr        1499 tick()=  41314387  
[2018/03/22 08:40:48 412] isr        1501 diff=  4792  
[2018/03/22 08:40:48 412] isr        1514 cloud_session_end() [out]  
[2018/03/22 08:40:48 413] isr        1667 isr unload!  
============================================================
Time  2018/03/22 08:41:08 206 
============================================================
[2018/03/22 08:41:08 206] isr        1659 isr loaded!  
[2018/03/22 08:41:08 206] isr        1642 SYS_MSG_REGCB param0 =   msp_status_cb  param1 =   func(9002cca0) 
[2018/03/22 08:41:08 206] isr        1537 ASR_MSG_SSB  
[2018/03/22 08:41:08 206] isr        1066 session_begin() [in], params:   sub = iat, domain = iat, language = zh_cn, accent = mandarin, sample_rate = 16000, result_type = plain, result_encoding = utf8  nil  
[2018/03/22 08:41:08 206] isr        927  vad_set [in]  
[2018/03/22 08:41:08 206] isr        962  vad_enable :  true  
[2018/03/22 08:41:08 206] isr        980  vad_bos :  10000  
[2018/03/22 08:41:08 206] isr        981  vad_eos :  2000  
[2018/03/22 08:41:08 206] isr        886  enable_vad [in]  
[2018/03/22 08:41:08 207] isr        918  vad enabled!  2000  10000  
[2018/03/22 08:41:08 207] isr        921  enable_vad [out]  
[2018/03/22 08:41:08 207] isr        987  vad_set [out] | ret =  0  
[2018/03/22 08:41:08 207] isr        1187 cur_engine_type =   cloud  
[2018/03/22 08:41:08 207] isr        1001 cloud_session_begin  
[2018/03/22 08:41:08 207] isr        1013 standard  
[2018/03/22 08:41:08 209] isr        1547 ASR_MSG_AUW,   cloud  
[2018/03/22 08:41:08 209] isr        1559 6400  1  
[2018/03/22 08:41:08 209] isr        1569 once_bytes:   6400  
[2018/03/22 08:41:08 212] isr        851  [aud] speech start  
[2018/03/22 08:41:08 212] isr        798  1  msc  
[2018/03/22 08:41:08 410] isr        1547 ASR_MSG_AUW,   cloud  
[2018/03/22 08:41:08 410] isr        1559 6400  2  
[2018/03/22 08:41:08 530] isr        700  cloud_status_cb, eps:  1  
[2018/03/22 08:41:08 530] isr        798  1  cloud  
[2018/03/22 08:41:08 530] isr        813  cloud eps ignored  
[2018/03/22 08:41:08 611] isr        1547 ASR_MSG_AUW,   cloud  
[2018/03/22 08:41:08 611] isr        1559 6400  2  
[2018/03/22 08:41:08 813] isr        1547 ASR_MSG_AUW,   cloud  
[2018/03/22 08:41:08 813] isr        1559 6400  2  
[2018/03/22 08:41:09 015] isr        1547 ASR_MSG_AUW,   cloud  
[2018/03/22 08:41:09 015] isr        1559 6400  2  
[2018/03/22 08:41:09 216] isr        1547 ASR_MSG_AUW,   cloud  
[2018/03/22 08:41:09 216] isr        1559 6400  2  
[2018/03/22 08:41:09 417] isr        1547 ASR_MSG_AUW,   cloud  
[2018/03/22 08:41:09 417] isr        1559 6400  2  
[2018/03/22 08:41:09 618] isr        1547 ASR_MSG_AUW,   cloud  
[2018/03/22 08:41:09 618] isr        1559 6400  2  
[2018/03/22 08:41:09 819] isr        1547 ASR_MSG_AUW,   cloud  
[2018/03/22 08:41:09 819] isr        1559 6400  2  
[2018/03/22 08:41:10 020] isr        1547 ASR_MSG_AUW,   cloud  
[2018/03/22 08:41:10 020] isr        1559 6400  2  
[2018/03/22 08:41:10 221] isr        1547 ASR_MSG_AUW,   cloud  
[2018/03/22 08:41:10 222] isr        1559 6400  2  
[2018/03/22 08:41:10 423] isr        1547 ASR_MSG_AUW,   cloud  
[2018/03/22 08:41:10 423] isr        1559 6400  2  
[2018/03/22 08:41:10 624] isr        1547 ASR_MSG_AUW,   cloud  
[2018/03/22 08:41:10 624] isr        1559 6400  2  
[2018/03/22 08:41:10 825] isr        1547 ASR_MSG_AUW,   cloud  
[2018/03/22 08:41:10 825] isr        1559 6400  2  
[2018/03/22 08:41:11 026] isr        1547 ASR_MSG_AUW,   cloud  
[2018/03/22 08:41:11 026] isr        1559 6400  2  
[2018/03/22 08:41:11 227] isr        1547 ASR_MSG_AUW,   cloud  
[2018/03/22 08:41:11 227] isr        1559 6400  2  
[2018/03/22 08:41:11 428] isr        1547 ASR_MSG_AUW,   cloud  
[2018/03/22 08:41:11 428] isr        1559 6400  2  
[2018/03/22 08:41:11 630] isr        1547 ASR_MSG_AUW,   cloud  
[2018/03/22 08:41:11 630] isr        1559 6400  2  
[2018/03/22 08:41:11 831] isr        1547 ASR_MSG_AUW,   cloud  
[2018/03/22 08:41:11 831] isr        1559 6400  2  
[2018/03/22 08:41:12 032] isr        1547 ASR_MSG_AUW,   cloud  
[2018/03/22 08:41:12 032] isr        1559 6400  2  
[2018/03/22 08:41:12 233] isr        1547 ASR_MSG_AUW,   cloud  
[2018/03/22 08:41:12 233] isr        1559 6400  2  
[2018/03/22 08:41:12 462] isr        1547 ASR_MSG_AUW,   cloud  
[2018/03/22 08:41:12 462] isr        1559 6400  2  
[2018/03/22 08:41:12 551] isr        662  cloud_rslt_cb status =   0  
[2018/03/22 08:41:12 551] isr        641  process_result call:  cloud  udata(90034808) 0  nil  
[2018/03/22 08:41:12 662] isr        1547 ASR_MSG_AUW,   cloud  
[2018/03/22 08:41:12 662] isr        1559 7420  2  
[2018/03/22 08:41:12 863] isr        1547 ASR_MSG_AUW,   cloud  
[2018/03/22 08:41:12 863] isr        1559 0  4  
[2018/03/22 08:41:12 863] isr        1592 aud end, USER  
[2018/03/22 08:41:12 863] isr        1636 ASR_MSG_GRSLT,   cloud  
[2018/03/22 08:41:12 863] isr        1335 0  udata(90034808) 0  
[2018/03/22 08:41:12 864] isr        854  [aud] speech end  
[2018/03/22 08:41:12 864] isr        798  3  msc  
[2018/03/22 08:41:13 060] isr        1636 ASR_MSG_GRSLT,   cloud  
[2018/03/22 08:41:13 060] isr        1335 0  nil  2  
[2018/03/22 08:41:13 085] isr        700  cloud_status_cb, eps:  3  
[2018/03/22 08:41:13 085] isr        798  3  cloud  
[2018/03/22 08:41:13 085] isr        800  already speech end  
[2018/03/22 08:41:13 088] isr        662  cloud_rslt_cb status =   5  
[2018/03/22 08:41:13 089] isr        641  process_result call:  cloud  udata(90034a88) 5  nil  
[2018/03/22 08:41:13 089] isr        798  3  msc  
[2018/03/22 08:41:13 089] isr        800  already speech end  
[2018/03/22 08:41:13 212] isr        1636 ASR_MSG_GRSLT,   cloud  
[2018/03/22 08:41:13 212] isr        1335 0  udata(90034a88) 5  
[2018/03/22 08:41:13 364] isr        1639 ASR_MSG_SSE,   cloud  
[2018/03/22 08:41:13 364] isr        1356 session_end() [in]  
[2018/03/22 08:41:13 364] isr        1421 cloud_session_end() [in]  
[2018/03/22 08:41:13 371] isr        1488 ns_host=  open.xf-yun.com  
[2018/03/22 08:41:13 371] isr        1498 tick()mod=  41339346  
[2018/03/22 08:41:13 371] isr        1499 tick()=  41339346  
[2018/03/22 08:41:13 371] isr        1501 diff=  4916  
[2018/03/22 08:41:13 371] isr        1514 cloud_session_end() [out]  
[2018/03/22 08:41:13 373] isr        1667 isr unload!  
============================================================
Time  2018/03/22 08:45:07 460 
============================================================
[2018/03/22 08:45:07 460] isr        1659 isr loaded!  
[2018/03/22 08:45:07 460] isr        1642 SYS_MSG_REGCB param0 =   msp_status_cb  param1 =   func(2002cca0) 
[2018/03/22 08:45:07 461] isr        1537 ASR_MSG_SSB  
[2018/03/22 08:45:07 461] isr        1066 session_begin() [in], params:   sub = iat, domain = iat, language = zh_cn, accent = mandarin, sample_rate = 16000, result_type = plain, result_encoding = utf8  nil  
[2018/03/22 08:45:07 461] isr        927  vad_set [in]  
[2018/03/22 08:45:07 461] isr        962  vad_enable :  true  
[2018/03/22 08:45:07 461] isr        980  vad_bos :  10000  
[2018/03/22 08:45:07 461] isr        981  vad_eos :  2000  
[2018/03/22 08:45:07 461] isr        886  enable_vad [in]  
[2018/03/22 08:45:07 464] isr        918  vad enabled!  2000  10000  
[2018/03/22 08:45:07 464] isr        921  enable_vad [out]  
[2018/03/22 08:45:07 464] isr        987  vad_set [out] | ret =  0  
[2018/03/22 08:45:07 464] isr        1187 cur_engine_type =   cloud  
[2018/03/22 08:45:07 464] isr        1001 cloud_session_begin  
[2018/03/22 08:45:07 464] isr        1013 standard  
[2018/03/22 08:45:07 478] isr        1547 ASR_MSG_AUW,   cloud  
[2018/03/22 08:45:07 478] isr        1559 6400  1  
[2018/03/22 08:45:07 478] isr        1569 once_bytes:   6400  
[2018/03/22 08:45:07 481] isr        851  [aud] speech start  
[2018/03/22 08:45:07 481] isr        798  1  msc  
[2018/03/22 08:45:07 679] isr        1547 ASR_MSG_AUW,   cloud  
[2018/03/22 08:45:07 679] isr        1559 6400  2  
[2018/03/22 08:45:07 900] isr        1547 ASR_MSG_AUW,   cloud  
[2018/03/22 08:45:07 900] isr        1559 6400  2  
[2018/03/22 08:45:07 979] isr        700  cloud_status_cb, eps:  1  
[2018/03/22 08:45:07 979] isr        798  1  cloud  
[2018/03/22 08:45:07 979] isr        813  cloud eps ignored  
[2018/03/22 08:45:08 101] isr        1547 ASR_MSG_AUW,   cloud  
[2018/03/22 08:45:08 101] isr        1559 6400  2  
[2018/03/22 08:45:08 303] isr        1547 ASR_MSG_AUW,   cloud  
[2018/03/22 08:45:08 303] isr        1559 6400  2  
[2018/03/22 08:45:08 504] isr        1547 ASR_MSG_AUW,   cloud  
[2018/03/22 08:45:08 504] isr        1559 6400  2  
[2018/03/22 08:45:08 705] isr        1547 ASR_MSG_AUW,   cloud  
[2018/03/22 08:45:08 705] isr        1559 6400  2  
[2018/03/22 08:45:08 906] isr        1547 ASR_MSG_AUW,   cloud  
[2018/03/22 08:45:08 906] isr        1559 6400  2  
[2018/03/22 08:45:09 107] isr        1547 ASR_MSG_AUW,   cloud  
[2018/03/22 08:45:09 107] isr        1559 6400  2  
[2018/03/22 08:45:09 308] isr        1547 ASR_MSG_AUW,   cloud  
[2018/03/22 08:45:09 309] isr        1559 6400  2  
[2018/03/22 08:45:09 510] isr        1547 ASR_MSG_AUW,   cloud  
[2018/03/22 08:45:09 510] isr        1559 6400  2  
[2018/03/22 08:45:09 711] isr        1547 ASR_MSG_AUW,   cloud  
[2018/03/22 08:45:09 711] isr        1559 6400  2  
[2018/03/22 08:45:09 912] isr        1547 ASR_MSG_AUW,   cloud  
[2018/03/22 08:45:09 912] isr        1559 6400  2  
[2018/03/22 08:45:10 113] isr        1547 ASR_MSG_AUW,   cloud  
[2018/03/22 08:45:10 113] isr        1559 6400  2  
[2018/03/22 08:45:10 314] isr        1547 ASR_MSG_AUW,   cloud  
[2018/03/22 08:45:10 314] isr        1559 6400  2  
[2018/03/22 08:45:10 515] isr        1547 ASR_MSG_AUW,   cloud  
[2018/03/22 08:45:10 515] isr        1559 6400  2  
[2018/03/22 08:45:10 716] isr        1547 ASR_MSG_AUW,   cloud  
[2018/03/22 08:45:10 716] isr        1559 6400  2  
[2018/03/22 08:45:10 918] isr        1547 ASR_MSG_AUW,   cloud  
[2018/03/22 08:45:10 918] isr        1559 6400  2  
[2018/03/22 08:45:11 119] isr        1547 ASR_MSG_AUW,   cloud  
[2018/03/22 08:45:11 119] isr        1559 6400  2  
[2018/03/22 08:45:11 320] isr        1547 ASR_MSG_AUW,   cloud  
[2018/03/22 08:45:11 320] isr        1559 6400  2  
[2018/03/22 08:45:11 521] isr        1547 ASR_MSG_AUW,   cloud  
[2018/03/22 08:45:11 521] isr        1559 11442  2  
[2018/03/22 08:45:11 722] isr        1547 ASR_MSG_AUW,   cloud  
[2018/03/22 08:45:11 722] isr        1559 0  4  
[2018/03/22 08:45:11 722] isr        1592 aud end, USER  
[2018/03/22 08:45:11 722] isr        1636 ASR_MSG_GRSLT,   cloud  
[2018/03/22 08:45:11 722] isr        1335 0  nil  2  
[2018/03/22 08:45:11 723] isr        854  [aud] speech end  
[2018/03/22 08:45:11 723] isr        798  3  msc  
[2018/03/22 08:45:11 873] isr        1636 ASR_MSG_GRSLT,   cloud  
[2018/03/22 08:45:11 873] isr        1335 0  nil  2  
[2018/03/22 08:45:11 918] isr        700  cloud_status_cb, eps:  3  
[2018/03/22 08:45:11 918] isr        798  3  cloud  
[2018/03/22 08:45:11 918] isr        800  already speech end  
[2018/03/22 08:45:11 918] isr        662  cloud_rslt_cb status =   0  
[2018/03/22 08:45:11 918] isr        641  process_result call:  cloud  udata(20034a38) 0  nil  
[2018/03/22 08:45:11 920] isr        662  cloud_rslt_cb status =   5  
[2018/03/22 08:45:11 920] isr        641  process_result call:  cloud  udata(200383b8) 5  nil  
[2018/03/22 08:45:11 920] isr        798  3  msc  
[2018/03/22 08:45:11 920] isr        800  already speech end  
[2018/03/22 08:45:12 024] isr        1636 ASR_MSG_GRSLT,   cloud  
[2018/03/22 08:45:12 024] isr        1335 0  udata(20034a38) 0  
[2018/03/22 08:45:12 175] isr        1636 ASR_MSG_GRSLT,   cloud  
[2018/03/22 08:45:12 175] isr        1335 0  udata(200383b8) 5  
[2018/03/22 08:45:12 327] isr        1639 ASR_MSG_SSE,   cloud  
[2018/03/22 08:45:12 327] isr        1356 session_end() [in]  
[2018/03/22 08:45:12 327] isr        1421 cloud_session_end() [in]  
[2018/03/22 08:45:12 328] isr        1488 ns_host=  open.xf-yun.com  
[2018/03/22 08:45:12 328] isr        1498 tick()mod=  41578303  
[2018/03/22 08:45:12 328] isr        1499 tick()=  41578303  
[2018/03/22 08:45:12 328] isr        1501 diff=  4449  
[2018/03/22 08:45:12 328] isr        1514 cloud_session_end() [out]  
[2018/03/22 08:45:12 328] isr        1667 isr unload!  
============================================================
Time  2018/03/23 09:13:02 245 
============================================================
[2018/03/23 09:13:02 245] isr        1659 isr loaded!  
[2018/03/23 09:13:02 255] isr        1642 SYS_MSG_REGCB param0 =   msp_status_cb  param1 =   func(3402ccf0) 
[2018/03/23 09:13:02 255] isr        1537 ASR_MSG_SSB  
[2018/03/23 09:13:02 255] isr        1066 session_begin() [in], params:   sub = iat, domain = iat, language = zh_cn, accent = mandarin, sample_rate = 16000, result_type = plain, result_encoding = utf8  nil  
[2018/03/23 09:13:02 256] isr        927  vad_set [in]  
[2018/03/23 09:13:02 256] isr        962  vad_enable :  true  
[2018/03/23 09:13:02 256] isr        980  vad_bos :  10000  
[2018/03/23 09:13:02 256] isr        981  vad_eos :  2000  
[2018/03/23 09:13:02 256] isr        886  enable_vad [in]  
[2018/03/23 09:13:02 286] isr        918  vad enabled!  2000  10000  
[2018/03/23 09:13:02 286] isr        921  enable_vad [out]  
[2018/03/23 09:13:02 286] isr        987  vad_set [out] | ret =  0  
[2018/03/23 09:13:02 286] isr        1187 cur_engine_type =   cloud  
[2018/03/23 09:13:02 286] isr        1001 cloud_session_begin  
[2018/03/23 09:13:02 286] isr        1013 standard  
[2018/03/23 09:13:02 301] isr        1547 ASR_MSG_AUW,   cloud  
[2018/03/23 09:13:02 301] isr        1559 6400  1  
[2018/03/23 09:13:02 301] isr        1569 once_bytes:   6400  
[2018/03/23 09:13:02 305] isr        851  [aud] speech start  
[2018/03/23 09:13:02 305] isr        798  1  msc  
[2018/03/23 09:13:02 512] isr        1547 ASR_MSG_AUW,   cloud  
[2018/03/23 09:13:02 512] isr        1559 6400  2  
[2018/03/23 09:13:02 638] isr        700  cloud_status_cb, eps:  1  
[2018/03/23 09:13:02 638] isr        798  1  cloud  
[2018/03/23 09:13:02 638] isr        813  cloud eps ignored  
[2018/03/23 09:13:02 713] isr        1547 ASR_MSG_AUW,   cloud  
[2018/03/23 09:13:02 713] isr        1559 6400  2  
[2018/03/23 09:13:02 914] isr        1547 ASR_MSG_AUW,   cloud  
[2018/03/23 09:13:02 914] isr        1559 6400  2  
[2018/03/23 09:13:03 115] isr        1547 ASR_MSG_AUW,   cloud  
[2018/03/23 09:13:03 115] isr        1559 6400  2  
[2018/03/23 09:13:03 316] isr        1547 ASR_MSG_AUW,   cloud  
[2018/03/23 09:13:03 316] isr        1559 7044  2  
[2018/03/23 09:13:03 517] isr        1547 ASR_MSG_AUW,   cloud  
[2018/03/23 09:13:03 517] isr        1559 0  4  
[2018/03/23 09:13:03 517] isr        1592 aud end, USER  
[2018/03/23 09:13:03 517] isr        1636 ASR_MSG_GRSLT,   cloud  
[2018/03/23 09:13:03 517] isr        1335 0  nil  2  
[2018/03/23 09:13:03 518] isr        854  [aud] speech end  
[2018/03/23 09:13:03 518] isr        798  3  msc  
[2018/03/23 09:13:03 559] isr        700  cloud_status_cb, eps:  3  
[2018/03/23 09:13:03 559] isr        798  3  cloud  
[2018/03/23 09:13:03 559] isr        800  already speech end  
[2018/03/23 09:13:03 560] isr        662  cloud_rslt_cb status =   5  
[2018/03/23 09:13:03 560] isr        641  process_result call:  cloud  nil  5  nil  
[2018/03/23 09:13:03 560] isr        798  3  msc  
[2018/03/23 09:13:03 560] isr        800  already speech end  
[2018/03/23 09:13:03 668] isr        1636 ASR_MSG_GRSLT,   cloud  
[2018/03/23 09:13:03 668] isr        1335 0  nil  5  
[2018/03/23 09:13:03 819] isr        1639 ASR_MSG_SSE,   cloud  
[2018/03/23 09:13:03 819] isr        1356 session_end() [in]  
[2018/03/23 09:13:03 819] isr        1421 cloud_session_end() [in]  
[2018/03/23 09:13:03 821] isr        1488 ns_host=  open.xf-yun.com  
[2018/03/23 09:13:03 821] isr        1498 tick()mod=  85122028  
[2018/03/23 09:13:03 821] isr        1499 tick()=  85122028  
[2018/03/23 09:13:03 821] isr        1501 diff=  1226  
[2018/03/23 09:13:03 821] isr        1514 cloud_session_end() [out]  
[2018/03/23 09:13:03 822] isr        1667 isr unload!  
============================================================
Time  2018/03/23 09:16:48 507 
============================================================
[2018/03/23 09:16:48 507] isr        1659 isr loaded!  
[2018/03/23 09:16:48 507] isr        1642 SYS_MSG_REGCB param0 =   msp_status_cb  param1 =   func(4802ccf0) 
[2018/03/23 09:16:48 508] isr        1537 ASR_MSG_SSB  
[2018/03/23 09:16:48 508] isr        1066 session_begin() [in], params:   sub = iat, domain = iat, language = zh_cn, accent = mandarin, sample_rate = 16000, result_type = plain, result_encoding = utf8  nil  
[2018/03/23 09:16:48 508] isr        927  vad_set [in]  
[2018/03/23 09:16:48 508] isr        962  vad_enable :  true  
[2018/03/23 09:16:48 508] isr        980  vad_bos :  10000  
[2018/03/23 09:16:48 508] isr        981  vad_eos :  2000  
[2018/03/23 09:16:48 508] isr        886  enable_vad [in]  
[2018/03/23 09:16:48 508] isr        918  vad enabled!  2000  10000  
[2018/03/23 09:16:48 508] isr        921  enable_vad [out]  
[2018/03/23 09:16:48 508] isr        987  vad_set [out] | ret =  0  
[2018/03/23 09:16:48 508] isr        1187 cur_engine_type =   cloud  
[2018/03/23 09:16:48 508] isr        1001 cloud_session_begin  
[2018/03/23 09:16:48 508] isr        1013 standard  
[2018/03/23 09:16:48 516] isr        1547 ASR_MSG_AUW,   cloud  
[2018/03/23 09:16:48 516] isr        1559 6400  1  
[2018/03/23 09:16:48 516] isr        1569 once_bytes:   6400  
[2018/03/23 09:16:48 520] isr        851  [aud] speech start  
[2018/03/23 09:16:48 520] isr        798  1  msc  
[2018/03/23 09:16:48 711] isr        1547 ASR_MSG_AUW,   cloud  
[2018/03/23 09:16:48 711] isr        1559 6400  2  
[2018/03/23 09:16:48 841] isr        700  cloud_status_cb, eps:  1  
[2018/03/23 09:16:48 841] isr        798  1  cloud  
[2018/03/23 09:16:48 841] isr        813  cloud eps ignored  
[2018/03/23 09:16:48 912] isr        1547 ASR_MSG_AUW,   cloud  
[2018/03/23 09:16:48 912] isr        1559 6400  2  
[2018/03/23 09:16:49 114] isr        1547 ASR_MSG_AUW,   cloud  
[2018/03/23 09:16:49 114] isr        1559 11844  2  
[2018/03/23 09:16:49 315] isr        1547 ASR_MSG_AUW,   cloud  
[2018/03/23 09:16:49 315] isr        1559 0  4  
[2018/03/23 09:16:49 315] isr        1592 aud end, USER  
[2018/03/23 09:16:49 315] isr        1636 ASR_MSG_GRSLT,   cloud  
[2018/03/23 09:16:49 315] isr        1335 0  nil  2  
[2018/03/23 09:16:49 315] isr        854  [aud] speech end  
[2018/03/23 09:16:49 315] isr        798  3  msc  
[2018/03/23 09:16:49 466] isr        1636 ASR_MSG_GRSLT,   cloud  
[2018/03/23 09:16:49 466] isr        1335 0  nil  2  
[2018/03/23 09:16:49 490] isr        700  cloud_status_cb, eps:  3  
[2018/03/23 09:16:49 490] isr        798  3  cloud  
[2018/03/23 09:16:49 490] isr        800  already speech end  
[2018/03/23 09:16:49 490] isr        662  cloud_rslt_cb status =   0  
[2018/03/23 09:16:49 490] isr        641  process_result call:  cloud  udata(48038068) 0  nil  
[2018/03/23 09:16:49 492] isr        662  cloud_rslt_cb status =   5  
[2018/03/23 09:16:49 492] isr        641  process_result call:  cloud  udata(48032f28) 5  nil  
[2018/03/23 09:16:49 492] isr        798  3  msc  
[2018/03/23 09:16:49 492] isr        800  already speech end  
[2018/03/23 09:16:49 617] isr        1636 ASR_MSG_GRSLT,   cloud  
[2018/03/23 09:16:49 617] isr        1335 0  udata(48038068) 0  
[2018/03/23 09:16:49 768] isr        1636 ASR_MSG_GRSLT,   cloud  
[2018/03/23 09:16:49 768] isr        1335 0  udata(48032f28) 5  
[2018/03/23 09:16:49 919] isr        1639 ASR_MSG_SSE,   cloud  
[2018/03/23 09:16:49 919] isr        1356 session_end() [in]  
[2018/03/23 09:16:49 919] isr        1421 cloud_session_end() [in]  
[2018/03/23 09:16:49 920] isr        1488 ns_host=  open.xf-yun.com  
[2018/03/23 09:16:49 920] isr        1498 tick()mod=  85348127  
[2018/03/23 09:16:49 920] isr        1499 tick()=  85348127  
[2018/03/23 09:16:49 920] isr        1501 diff=  1122  
[2018/03/23 09:16:49 920] isr        1514 cloud_session_end() [out]  
[2018/03/23 09:16:49 921] isr        1667 isr unload!  
============================================================
Time  2018/03/23 09:18:42 540 
============================================================
[2018/03/23 09:18:42 540] isr        1659 isr loaded!  
[2018/03/23 09:18:42 540] isr        1642 SYS_MSG_REGCB param0 =   msp_status_cb  param1 =   func(5802ccd0) 
[2018/03/23 09:18:42 540] isr        1537 ASR_MSG_SSB  
[2018/03/23 09:18:42 540] isr        1066 session_begin() [in], params:   sub = iat, domain = iat, language = zh_cn, accent = mandarin, sample_rate = 16000, result_type = plain, result_encoding = utf8  nil  
[2018/03/23 09:18:42 540] isr        927  vad_set [in]  
[2018/03/23 09:18:42 540] isr        962  vad_enable :  true  
[2018/03/23 09:18:42 540] isr        980  vad_bos :  10000  
[2018/03/23 09:18:42 540] isr        981  vad_eos :  2000  
[2018/03/23 09:18:42 540] isr        886  enable_vad [in]  
[2018/03/23 09:18:42 541] isr        918  vad enabled!  2000  10000  
[2018/03/23 09:18:42 541] isr        921  enable_vad [out]  
[2018/03/23 09:18:42 541] isr        987  vad_set [out] | ret =  0  
[2018/03/23 09:18:42 541] isr        1187 cur_engine_type =   cloud  
[2018/03/23 09:18:42 541] isr        1001 cloud_session_begin  
[2018/03/23 09:18:42 541] isr        1013 standard  
[2018/03/23 09:18:42 552] isr        1547 ASR_MSG_AUW,   cloud  
[2018/03/23 09:18:42 552] isr        1559 6400  1  
[2018/03/23 09:18:42 552] isr        1569 once_bytes:   6400  
[2018/03/23 09:18:42 562] isr        851  [aud] speech start  
[2018/03/23 09:18:42 562] isr        798  1  msc  
[2018/03/23 09:18:42 752] isr        1547 ASR_MSG_AUW,   cloud  
[2018/03/23 09:18:42 752] isr        1559 6400  2  
[2018/03/23 09:18:42 800] isr        700  cloud_status_cb, eps:  1  
[2018/03/23 09:18:42 800] isr        798  1  cloud  
[2018/03/23 09:18:42 800] isr        813  cloud eps ignored  
[2018/03/23 09:18:42 953] isr        1547 ASR_MSG_AUW,   cloud  
[2018/03/23 09:18:42 953] isr        1559 6400  2  
[2018/03/23 09:18:43 154] isr        1547 ASR_MSG_AUW,   cloud  
[2018/03/23 09:18:43 154] isr        1559 6400  2  
[2018/03/23 09:18:43 355] isr        1547 ASR_MSG_AUW,   cloud  
[2018/03/23 09:18:43 355] isr        1559 6400  2  
[2018/03/23 09:18:43 556] isr        1547 ASR_MSG_AUW,   cloud  
[2018/03/23 09:18:43 556] isr        1559 6400  2  
[2018/03/23 09:18:43 757] isr        1547 ASR_MSG_AUW,   cloud  
[2018/03/23 09:18:43 757] isr        1559 6400  2  
[2018/03/23 09:18:43 959] isr        1547 ASR_MSG_AUW,   cloud  
[2018/03/23 09:18:43 959] isr        1559 6400  2  
[2018/03/23 09:18:44 159] isr        1547 ASR_MSG_AUW,   cloud  
[2018/03/23 09:18:44 159] isr        1559 6400  2  
[2018/03/23 09:18:44 360] isr        1547 ASR_MSG_AUW,   cloud  
[2018/03/23 09:18:44 360] isr        1559 6400  2  
[2018/03/23 09:18:44 561] isr        1547 ASR_MSG_AUW,   cloud  
[2018/03/23 09:18:44 561] isr        1559 6400  2  
[2018/03/23 09:18:44 762] isr        1547 ASR_MSG_AUW,   cloud  
[2018/03/23 09:18:44 762] isr        1559 6400  2  
[2018/03/23 09:18:44 963] isr        1547 ASR_MSG_AUW,   cloud  
[2018/03/23 09:18:44 963] isr        1559 6400  2  
[2018/03/23 09:18:45 164] isr        1547 ASR_MSG_AUW,   cloud  
[2018/03/23 09:18:45 164] isr        1559 6400  2  
[2018/03/23 09:18:45 365] isr        1547 ASR_MSG_AUW,   cloud  
[2018/03/23 09:18:45 365] isr        1559 6400  2  
[2018/03/23 09:18:45 566] isr        1547 ASR_MSG_AUW,   cloud  
[2018/03/23 09:18:45 566] isr        1559 6400  2  
[2018/03/23 09:18:45 768] isr        1547 ASR_MSG_AUW,   cloud  
[2018/03/23 09:18:45 768] isr        1559 6400  2  
[2018/03/23 09:18:45 968] isr        1547 ASR_MSG_AUW,   cloud  
[2018/03/23 09:18:45 968] isr        1559 6400  2  
[2018/03/23 09:18:46 169] isr        1547 ASR_MSG_AUW,   cloud  
[2018/03/23 09:18:46 169] isr        1559 6956  2  
[2018/03/23 09:18:46 369] isr        1547 ASR_MSG_AUW,   cloud  
[2018/03/23 09:18:46 369] isr        1559 0  4  
[2018/03/23 09:18:46 369] isr        1592 aud end, USER  
[2018/03/23 09:18:46 370] isr        1636 ASR_MSG_GRSLT,   cloud  
[2018/03/23 09:18:46 370] isr        1335 0  nil  2  
[2018/03/23 09:18:46 370] isr        854  [aud] speech end  
[2018/03/23 09:18:46 370] isr        798  3  msc  
[2018/03/23 09:18:46 439] isr        700  cloud_status_cb, eps:  3  
[2018/03/23 09:18:46 439] isr        798  3  cloud  
[2018/03/23 09:18:46 439] isr        800  already speech end  
[2018/03/23 09:18:46 440] isr        662  cloud_rslt_cb status =   0  
[2018/03/23 09:18:46 440] isr        641  process_result call:  cloud  udata(580349c8) 0  nil  
[2018/03/23 09:18:46 485] isr        662  cloud_rslt_cb status =   5  
[2018/03/23 09:18:46 485] isr        641  process_result call:  cloud  udata(58033f18) 5  nil  
[2018/03/23 09:18:46 485] isr        798  3  msc  
[2018/03/23 09:18:46 485] isr        800  already speech end  
[2018/03/23 09:18:46 522] isr        1636 ASR_MSG_GRSLT,   cloud  
[2018/03/23 09:18:46 522] isr        1335 0  udata(580349c8) 0  
[2018/03/23 09:18:46 673] isr        1636 ASR_MSG_GRSLT,   cloud  
[2018/03/23 09:18:46 673] isr        1335 0  udata(58033f18) 5  
[2018/03/23 09:18:46 824] isr        1639 ASR_MSG_SSE,   cloud  
[2018/03/23 09:18:46 824] isr        1356 session_end() [in]  
[2018/03/23 09:18:46 824] isr        1421 cloud_session_end() [in]  
[2018/03/23 09:18:46 826] isr        1488 ns_host=  open.xf-yun.com  
[2018/03/23 09:18:46 826] isr        1498 tick()mod=  85465033  
[2018/03/23 09:18:46 826] isr        1499 tick()=  85465033  
[2018/03/23 09:18:46 826] isr        1501 diff=  4123  
[2018/03/23 09:18:46 826] isr        1514 cloud_session_end() [out]  
[2018/03/23 09:18:46 826] isr        1667 isr unload!  
============================================================
Time  2018/03/23 09:21:19 650 
============================================================
[2018/03/23 09:21:19 650] isr        1659 isr loaded!  
[2018/03/23 09:21:19 650] isr        1642 SYS_MSG_REGCB param0 =   msp_status_cb  param1 =   func(4802ccf0) 
[2018/03/23 09:21:19 650] isr        1537 ASR_MSG_SSB  
[2018/03/23 09:21:19 650] isr        1066 session_begin() [in], params:   sub = iat, domain = iat, language = zh_cn, accent = mandarin, sample_rate = 16000, result_type = plain, result_encoding = utf8  nil  
[2018/03/23 09:21:19 650] isr        927  vad_set [in]  
[2018/03/23 09:21:19 650] isr        962  vad_enable :  true  
[2018/03/23 09:21:19 650] isr        980  vad_bos :  10000  
[2018/03/23 09:21:19 650] isr        981  vad_eos :  2000  
[2018/03/23 09:21:19 650] isr        886  enable_vad [in]  
[2018/03/23 09:21:19 651] isr        918  vad enabled!  2000  10000  
[2018/03/23 09:21:19 651] isr        921  enable_vad [out]  
[2018/03/23 09:21:19 651] isr        987  vad_set [out] | ret =  0  
[2018/03/23 09:21:19 651] isr        1187 cur_engine_type =   cloud  
[2018/03/23 09:21:19 651] isr        1001 cloud_session_begin  
[2018/03/23 09:21:19 651] isr        1013 standard  
[2018/03/23 09:21:19 661] isr        1547 ASR_MSG_AUW,   cloud  
[2018/03/23 09:21:19 662] isr        1559 6400  1  
[2018/03/23 09:21:19 662] isr        1569 once_bytes:   6400  
[2018/03/23 09:21:19 664] isr        851  [aud] speech start  
[2018/03/23 09:21:19 664] isr        798  1  msc  
[2018/03/23 09:21:19 862] isr        1547 ASR_MSG_AUW,   cloud  
[2018/03/23 09:21:19 863] isr        1559 6400  2  
[2018/03/23 09:21:19 911] isr        700  cloud_status_cb, eps:  1  
[2018/03/23 09:21:19 911] isr        798  1  cloud  
[2018/03/23 09:21:19 911] isr        813  cloud eps ignored  
[2018/03/23 09:21:20 064] isr        1547 ASR_MSG_AUW,   cloud  
[2018/03/23 09:21:20 064] isr        1559 6400  2  
[2018/03/23 09:21:20 265] isr        1547 ASR_MSG_AUW,   cloud  
[2018/03/23 09:21:20 265] isr        1559 11844  2  
[2018/03/23 09:21:20 466] isr        1547 ASR_MSG_AUW,   cloud  
[2018/03/23 09:21:20 466] isr        1559 0  4  
[2018/03/23 09:21:20 466] isr        1592 aud end, USER  
[2018/03/23 09:21:20 466] isr        1636 ASR_MSG_GRSLT,   cloud  
[2018/03/23 09:21:20 466] isr        1335 0  nil  2  
[2018/03/23 09:21:20 467] isr        854  [aud] speech end  
[2018/03/23 09:21:20 467] isr        798  3  msc  
[2018/03/23 09:21:20 560] isr        700  cloud_status_cb, eps:  3  
[2018/03/23 09:21:20 560] isr        798  3  cloud  
[2018/03/23 09:21:20 560] isr        800  already speech end  
[2018/03/23 09:21:20 561] isr        662  cloud_rslt_cb status =   0  
[2018/03/23 09:21:20 561] isr        641  process_result call:  cloud  udata(48031c78) 0  nil  
[2018/03/23 09:21:20 595] isr        662  cloud_rslt_cb status =   5  
[2018/03/23 09:21:20 595] isr        641  process_result call:  cloud  udata(480383d8) 5  nil  
[2018/03/23 09:21:20 595] isr        798  3  msc  
[2018/03/23 09:21:20 595] isr        800  already speech end  
[2018/03/23 09:21:20 617] isr        1636 ASR_MSG_GRSLT,   cloud  
[2018/03/23 09:21:20 617] isr        1335 0  udata(48031c78) 0  
[2018/03/23 09:21:20 768] isr        1636 ASR_MSG_GRSLT,   cloud  
[2018/03/23 09:21:20 768] isr        1335 0  udata(480383d8) 5  
[2018/03/23 09:21:20 919] isr        1639 ASR_MSG_SSE,   cloud  
[2018/03/23 09:21:20 919] isr        1356 session_end() [in]  
[2018/03/23 09:21:20 919] isr        1421 cloud_session_end() [in]  
[2018/03/23 09:21:20 921] isr        1488 ns_host=  open.xf-yun.com  
[2018/03/23 09:21:20 921] isr        1498 tick()mod=  85619128  
[2018/03/23 09:21:20 921] isr        1499 tick()=  85619128  
[2018/03/23 09:21:20 921] isr        1501 diff=  1062  
[2018/03/23 09:21:20 921] isr        1514 cloud_session_end() [out]  
[2018/03/23 09:21:20 921] isr        1667 isr unload!  
